{"timestamp": "2025-05-06T21:42:53.593772", "level": "INFO", "name": "xijing_blog", "message": "\u8bf7\u6c42: POST /api/auth/token", "method": "POST", "path": "/api/auth/token", "status_code": 200, "process_time": "0.206s", "logger": "xijing_blog"}
{"timestamp": "2025-05-06T22:03:17.532652", "level": "INFO", "name": "xijing_blog", "message": "\u8bf7\u6c42: OPTIONS /api/users/me", "method": "OPTIONS", "path": "/api/users/me", "status_code": 200, "process_time": "0.001s", "logger": "xijing_blog"}
{"timestamp": "2025-05-06T22:03:17.540655", "level": "INFO", "name": "xijing_blog", "message": "\u8bf7\u6c42: GET /api/users/me", "method": "GET", "path": "/api/users/me", "status_code": 422, "process_time": "0.002s", "logger": "xijing_blog"}
{"timestamp": "2025-05-06T22:03:26.969496", "level": "INFO", "name": "xijing_blog", "message": "\u8bf7\u6c42: GET /api/users/me", "method": "GET", "path": "/api/users/me", "status_code": 422, "process_time": "0.001s", "logger": "xijing_blog"}
{"timestamp": "2025-05-06T22:03:26.975433", "level": "INFO", "name": "xijing_blog", "message": "\u8bf7\u6c42: GET /api/users/me", "method": "GET", "path": "/api/users/me", "status_code": 422, "process_time": "0.003s", "logger": "xijing_blog"}
{"timestamp": "2025-05-06T22:10:34.595739", "level": "INFO", "name": "xijing_blog", "message": "\u8bf7\u6c42: POST /api/auth/token", "method": "POST", "path": "/api/auth/token", "status_code": 401, "process_time": "0.010s", "logger": "xijing_blog"}
{"timestamp": "2025-05-06T22:11:22.832229", "level": "INFO", "name": "xijing_blog", "message": "\u8bf7\u6c42: OPTIONS /api/auth/register", "method": "OPTIONS", "path": "/api/auth/register", "status_code": 200, "process_time": "0.000s", "logger": "xijing_blog"}
{"timestamp": "2025-05-06T22:11:23.056714", "level": "INFO", "name": "xijing_blog", "message": "\u8bf7\u6c42: POST /api/auth/register", "method": "POST", "path": "/api/auth/register", "status_code": 200, "process_time": "0.219s", "logger": "xijing_blog"}
{"timestamp": "2025-05-06T22:11:28.085647", "level": "INFO", "name": "xijing_blog", "message": "\u8bf7\u6c42: POST /api/auth/token", "method": "POST", "path": "/api/auth/token", "status_code": 200, "process_time": "0.191s", "logger": "xijing_blog"}
{"timestamp": "2025-05-06T22:11:37.755527", "level": "INFO", "name": "xijing_blog", "message": "\u8bf7\u6c42: GET /api/users/me", "method": "GET", "path": "/api/users/me", "status_code": 500, "process_time": "0.002s", "logger": "xijing_blog"}
{"timestamp": "2025-05-06T22:11:37.760687", "level": "INFO", "name": "xijing_blog", "message": "\u8bf7\u6c42: GET /api/users/me", "method": "GET", "path": "/api/users/me", "status_code": 500, "process_time": "0.002s", "logger": "xijing_blog"}
{"timestamp": "2025-05-06T22:11:41.668805", "level": "INFO", "name": "xijing_blog", "message": "\u8bf7\u6c42: GET /api/users/me", "method": "GET", "path": "/api/users/me", "status_code": 500, "process_time": "0.002s", "logger": "xijing_blog"}
{"timestamp": "2025-05-06T22:11:41.675651", "level": "INFO", "name": "xijing_blog", "message": "\u8bf7\u6c42: GET /api/users/me", "method": "GET", "path": "/api/users/me", "status_code": 500, "process_time": "0.002s", "logger": "xijing_blog"}
{"timestamp": "2025-05-06T22:14:08.143872", "level": "INFO", "name": "xijing_blog", "message": "\u8bf7\u6c42: POST /api/auth/token", "method": "POST", "path": "/api/auth/token", "status_code": 200, "process_time": "0.224s", "logger": "xijing_blog"}
{"timestamp": "2025-05-06T22:14:11.199173", "level": "INFO", "name": "xijing_blog", "message": "\u8bf7\u6c42: OPTIONS /api/users/me", "method": "OPTIONS", "path": "/api/users/me", "status_code": 200, "process_time": "0.000s", "logger": "xijing_blog"}
{"timestamp": "2025-05-06T22:14:11.203175", "level": "INFO", "name": "xijing_blog", "message": "\u8bf7\u6c42: OPTIONS /api/users/me", "method": "OPTIONS", "path": "/api/users/me", "status_code": 200, "process_time": "0.000s", "logger": "xijing_blog"}
{"timestamp": "2025-05-06T22:14:11.221105", "level": "INFO", "name": "xijing_blog", "message": "\u8bf7\u6c42: GET /api/users/me", "method": "GET", "path": "/api/users/me", "status_code": 500, "process_time": "0.015s", "logger": "xijing_blog"}
{"timestamp": "2025-05-06T22:14:11.225295", "level": "INFO", "name": "xijing_blog", "message": "\u8bf7\u6c42: GET /api/users/me", "method": "GET", "path": "/api/users/me", "status_code": 500, "process_time": "0.002s", "logger": "xijing_blog"}
{"timestamp": "2025-05-06T22:14:14.663748", "level": "INFO", "name": "xijing_blog", "message": "\u8bf7\u6c42: GET /api/users/me", "method": "GET", "path": "/api/users/me", "status_code": 500, "process_time": "0.004s", "logger": "xijing_blog"}
{"timestamp": "2025-05-06T22:14:14.673510", "level": "INFO", "name": "xijing_blog", "message": "\u8bf7\u6c42: GET /api/users/me", "method": "GET", "path": "/api/users/me", "status_code": 500, "process_time": "0.003s", "logger": "xijing_blog"}
{"timestamp": "2025-05-06T22:15:25.302466", "level": "INFO", "name": "xijing_blog", "message": "\u8bf7\u6c42: GET /api/users/me", "method": "GET", "path": "/api/users/me", "status_code": 500, "process_time": "0.006s", "logger": "xijing_blog"}
{"timestamp": "2025-05-06T22:15:25.314687", "level": "INFO", "name": "xijing_blog", "message": "\u8bf7\u6c42: GET /api/users/me", "method": "GET", "path": "/api/users/me", "status_code": 500, "process_time": "0.003s", "logger": "xijing_blog"}
{"timestamp": "2025-05-06T22:15:32.457213", "level": "INFO", "name": "xijing_blog", "message": "\u8bf7\u6c42: POST /api/auth/token", "method": "POST", "path": "/api/auth/token", "status_code": 200, "process_time": "0.217s", "logger": "xijing_blog"}
{"timestamp": "2025-05-06T22:15:36.490803", "level": "INFO", "name": "xijing_blog", "message": "\u8bf7\u6c42: GET /api/users/me", "method": "GET", "path": "/api/users/me", "status_code": 500, "process_time": "0.004s", "logger": "xijing_blog"}
{"timestamp": "2025-05-06T22:15:36.495804", "level": "INFO", "name": "xijing_blog", "message": "\u8bf7\u6c42: GET /api/users/me", "method": "GET", "path": "/api/users/me", "status_code": 500, "process_time": "0.002s", "logger": "xijing_blog"}
{"timestamp": "2025-05-06T22:15:39.473214", "level": "INFO", "name": "xijing_blog", "message": "\u8bf7\u6c42: GET /api/users/me", "method": "GET", "path": "/api/users/me", "status_code": 500, "process_time": "0.003s", "logger": "xijing_blog"}
{"timestamp": "2025-05-06T22:15:39.480214", "level": "INFO", "name": "xijing_blog", "message": "\u8bf7\u6c42: GET /api/users/me", "method": "GET", "path": "/api/users/me", "status_code": 500, "process_time": "0.004s", "logger": "xijing_blog"}
{"timestamp": "2025-05-06T22:19:24.145598", "level": "INFO", "name": "xijing_blog", "message": "\u8bf7\u6c42: POST /api/auth/token", "method": "POST", "path": "/api/auth/token", "status_code": 200, "process_time": "0.217s", "logger": "xijing_blog"}
{"timestamp": "2025-05-06T22:19:26.465810", "level": "INFO", "name": "xijing_blog", "message": "\u8bf7\u6c42: GET /api/users/me", "method": "GET", "path": "/api/users/me", "status_code": 500, "process_time": "0.005s", "logger": "xijing_blog"}
{"timestamp": "2025-05-06T22:19:26.471220", "level": "INFO", "name": "xijing_blog", "message": "\u8bf7\u6c42: GET /api/users/me", "method": "GET", "path": "/api/users/me", "status_code": 500, "process_time": "0.003s", "logger": "xijing_blog"}
{"timestamp": "2025-05-06T22:19:56.048755", "level": "INFO", "name": "xijing_blog", "message": "\u8bf7\u6c42: GET /api/users/me", "method": "GET", "path": "/api/users/me", "status_code": 500, "process_time": "0.006s", "logger": "xijing_blog"}
{"timestamp": "2025-05-06T22:19:56.072739", "level": "INFO", "name": "xijing_blog", "message": "\u8bf7\u6c42: GET /api/users/me", "method": "GET", "path": "/api/users/me", "status_code": 500, "process_time": "0.005s", "logger": "xijing_blog"}
{"timestamp": "2025-05-06T22:21:11.900214", "level": "INFO", "name": "xijing_blog", "message": "\u8bf7\u6c42: POST /api/auth/token", "method": "POST", "path": "/api/auth/token", "status_code": 200, "process_time": "0.223s", "logger": "xijing_blog"}
{"timestamp": "2025-05-06T22:21:18.909877", "level": "INFO", "name": "xijing_blog", "message": "\u8bf7\u6c42: GET /api/users/me", "method": "GET", "path": "/api/users/me", "status_code": 500, "process_time": "0.004s", "logger": "xijing_blog"}
{"timestamp": "2025-05-06T22:21:18.917876", "level": "INFO", "name": "xijing_blog", "message": "\u8bf7\u6c42: GET /api/users/me", "method": "GET", "path": "/api/users/me", "status_code": 500, "process_time": "0.005s", "logger": "xijing_blog"}
{"timestamp": "2025-05-06T22:23:55.333488", "level": "INFO", "name": "xijing_blog", "message": "\u8bf7\u6c42: GET /api/users/me", "method": "GET", "path": "/api/users/me", "status_code": 401, "process_time": "0.004s", "logger": "xijing_blog"}
{"timestamp": "2025-05-06T22:25:19.587179", "level": "INFO", "name": "xijing_blog", "message": "\u8bf7\u6c42: OPTIONS /api/auth/token", "method": "OPTIONS", "path": "/api/auth/token", "status_code": 200, "process_time": "0.000s", "logger": "xijing_blog"}
{"timestamp": "2025-05-06T22:25:19.807740", "level": "INFO", "name": "xijing_blog", "message": "\u8bf7\u6c42: POST /api/auth/token", "method": "POST", "path": "/api/auth/token", "status_code": 200, "process_time": "0.217s", "logger": "xijing_blog"}
{"timestamp": "2025-05-06T22:26:12.154621", "level": "INFO", "name": "xijing_blog", "message": "\u8bf7\u6c42: POST /api/auth/token", "method": "POST", "path": "/api/auth/token", "status_code": 401, "process_time": "0.215s", "logger": "xijing_blog"}
{"timestamp": "2025-05-06T22:26:17.638121", "level": "INFO", "name": "xijing_blog", "message": "\u8bf7\u6c42: POST /api/auth/token", "method": "POST", "path": "/api/auth/token", "status_code": 200, "process_time": "0.199s", "logger": "xijing_blog"}
{"timestamp": "2025-05-06T22:26:19.529775", "level": "INFO", "name": "xijing_blog", "message": "\u8bf7\u6c42: OPTIONS /api/users/me", "method": "OPTIONS", "path": "/api/users/me", "status_code": 200, "process_time": "0.000s", "logger": "xijing_blog"}
{"timestamp": "2025-05-06T22:26:19.534953", "level": "INFO", "name": "xijing_blog", "message": "\u8bf7\u6c42: OPTIONS /api/users/me", "method": "OPTIONS", "path": "/api/users/me", "status_code": 200, "process_time": "0.000s", "logger": "xijing_blog"}
{"timestamp": "2025-05-06T22:26:19.546954", "level": "INFO", "name": "xijing_blog", "message": "\u8bf7\u6c42: GET /api/users/me", "method": "GET", "path": "/api/users/me", "status_code": 200, "process_time": "0.010s", "logger": "xijing_blog"}
{"timestamp": "2025-05-06T22:26:19.555368", "level": "INFO", "name": "xijing_blog", "message": "\u8bf7\u6c42: GET /api/users/me", "method": "GET", "path": "/api/users/me", "status_code": 200, "process_time": "0.005s", "logger": "xijing_blog"}
{"timestamp": "2025-05-06T22:26:30.577007", "level": "INFO", "name": "xijing_blog", "message": "\u8bf7\u6c42: GET /api/users/me", "method": "GET", "path": "/api/users/me", "status_code": 200, "process_time": "0.007s", "logger": "xijing_blog"}
{"timestamp": "2025-05-06T22:26:30.585047", "level": "INFO", "name": "xijing_blog", "message": "\u8bf7\u6c42: GET /api/users/me", "method": "GET", "path": "/api/users/me", "status_code": 200, "process_time": "0.006s", "logger": "xijing_blog"}
{"timestamp": "2025-05-06T22:27:14.208486", "level": "INFO", "name": "xijing_blog", "message": "\u8bf7\u6c42: OPTIONS /api/auth/register", "method": "OPTIONS", "path": "/api/auth/register", "status_code": 200, "process_time": "0.000s", "logger": "xijing_blog"}
{"timestamp": "2025-05-06T22:27:14.438446", "level": "INFO", "name": "xijing_blog", "message": "\u8bf7\u6c42: POST /api/auth/register", "method": "POST", "path": "/api/auth/register", "status_code": 200, "process_time": "0.225s", "logger": "xijing_blog"}
{"timestamp": "2025-05-06T22:27:34.283900", "level": "INFO", "name": "xijing_blog", "message": "\u8bf7\u6c42: POST /api/auth/token", "method": "POST", "path": "/api/auth/token", "status_code": 200, "process_time": "0.219s", "logger": "xijing_blog"}
{"timestamp": "2025-05-06T22:27:43.793989", "level": "INFO", "name": "xijing_blog", "message": "\u8bf7\u6c42: GET /api/users/me", "method": "GET", "path": "/api/users/me", "status_code": 200, "process_time": "0.014s", "logger": "xijing_blog"}
{"timestamp": "2025-05-06T22:27:43.809321", "level": "INFO", "name": "xijing_blog", "message": "\u8bf7\u6c42: GET /api/users/me", "method": "GET", "path": "/api/users/me", "status_code": 200, "process_time": "0.010s", "logger": "xijing_blog"}
{"timestamp": "2025-05-06T22:27:50.849543", "level": "INFO", "name": "xijing_blog", "message": "\u8bf7\u6c42: POST /api/auth/token", "method": "POST", "path": "/api/auth/token", "status_code": 401, "process_time": "0.215s", "logger": "xijing_blog"}
{"timestamp": "2025-05-06T22:27:55.999038", "level": "INFO", "name": "xijing_blog", "message": "\u8bf7\u6c42: POST /api/auth/token", "method": "POST", "path": "/api/auth/token", "status_code": 200, "process_time": "0.214s", "logger": "xijing_blog"}
{"timestamp": "2025-05-06T22:27:57.769948", "level": "INFO", "name": "xijing_blog", "message": "\u8bf7\u6c42: GET /api/users/me", "method": "GET", "path": "/api/users/me", "status_code": 200, "process_time": "0.008s", "logger": "xijing_blog"}
{"timestamp": "2025-05-06T22:27:57.780479", "level": "INFO", "name": "xijing_blog", "message": "\u8bf7\u6c42: GET /api/users/me", "method": "GET", "path": "/api/users/me", "status_code": 200, "process_time": "0.009s", "logger": "xijing_blog"}
{"timestamp": "2025-05-06T22:28:16.718419", "level": "INFO", "name": "xijing_blog", "message": "\u8bf7\u6c42: POST /api/auth/token", "method": "POST", "path": "/api/auth/token", "status_code": 200, "process_time": "0.219s", "logger": "xijing_blog"}
{"timestamp": "2025-05-06T22:28:18.159895", "level": "INFO", "name": "xijing_blog", "message": "\u8bf7\u6c42: GET /api/users/me", "method": "GET", "path": "/api/users/me", "status_code": 200, "process_time": "0.008s", "logger": "xijing_blog"}
{"timestamp": "2025-05-06T22:28:18.171771", "level": "INFO", "name": "xijing_blog", "message": "\u8bf7\u6c42: GET /api/users/me", "method": "GET", "path": "/api/users/me", "status_code": 200, "process_time": "0.009s", "logger": "xijing_blog"}
{"timestamp": "2025-05-06T22:28:26.028495", "level": "INFO", "name": "xijing_blog", "message": "\u8bf7\u6c42: GET /api/users/me", "method": "GET", "path": "/api/users/me", "status_code": 200, "process_time": "0.010s", "logger": "xijing_blog"}
{"timestamp": "2025-05-06T22:28:26.040573", "level": "INFO", "name": "xijing_blog", "message": "\u8bf7\u6c42: GET /api/users/me", "method": "GET", "path": "/api/users/me", "status_code": 200, "process_time": "0.009s", "logger": "xijing_blog"}
{"timestamp": "2025-05-06T22:29:38.683008", "level": "INFO", "name": "xijing_blog", "message": "\u8bf7\u6c42: GET /api/users/me", "method": "GET", "path": "/api/users/me", "status_code": 200, "process_time": "0.006s", "logger": "xijing_blog"}
{"timestamp": "2025-05-06T22:29:40.765529", "level": "INFO", "name": "xijing_blog", "message": "\u8bf7\u6c42: GET /api/users/me", "method": "GET", "path": "/api/users/me", "status_code": 200, "process_time": "0.008s", "logger": "xijing_blog"}
{"timestamp": "2025-05-06T22:29:40.772627", "level": "INFO", "name": "xijing_blog", "message": "\u8bf7\u6c42: GET /api/users/me", "method": "GET", "path": "/api/users/me", "status_code": 200, "process_time": "0.005s", "logger": "xijing_blog"}
{"timestamp": "2025-05-06T23:57:25.629169", "level": "INFO", "name": "xijing_blog", "message": "\u8bf7\u6c42: POST /api/auth/token", "method": "POST", "path": "/api/auth/token", "status_code": 200, "process_time": "0.229s", "logger": "xijing_blog"}
{"timestamp": "2025-05-06T23:57:29.258826", "level": "INFO", "name": "xijing_blog", "message": "\u8bf7\u6c42: GET /api/users/me", "method": "GET", "path": "/api/users/me", "status_code": 200, "process_time": "0.009s", "logger": "xijing_blog"}
{"timestamp": "2025-05-06T23:57:29.265824", "level": "INFO", "name": "xijing_blog", "message": "\u8bf7\u6c42: GET /api/users/me", "method": "GET", "path": "/api/users/me", "status_code": 200, "process_time": "0.006s", "logger": "xijing_blog"}
